<?xml version="1.0" encoding="UTF-8"?>
<!-- Generated by org.testng.reporters.JUnitReportReporter -->
<testsuite hostname="GOVARDHANREDDY1997" failures="0" tests="3" name="com.ehome.qa.testcases.Testngdemoo" time="0.008" errors="0" timestamp="2023-08-14T10:34:38 IST" skipped="0">
  <testcase classname="com.ehome.qa.testcases.Testngdemoo" name="m1" time="0.006"/>
  <system-out/>
  <testcase classname="com.ehome.qa.testcases.Testngdemoo" name="m2" time="0.001"/>
  <system-out/>
  <testcase classname="com.ehome.qa.testcases.Testngdemoo" name="m3" time="0.001"/>
  <system-out/>
</testsuite> <!-- com.ehome.qa.testcases.Testngdemoo -->
